#
# A fatal error has been detected by the Java Runtime Environment:
#
#  EXCEPTION_ACCESS_VIOLATION (0xc0000005) at pc=0x0000000069ac298f, pid=16420, tid=19368
#
# JRE version: Java(TM) SE Runtime Environment (18.0.1.1+2) (build 18.0.1.1+2-6)
# Java VM: Java HotSpot(TM) 64-Bit Server VM (18.0.1.1+2-6, mixed mode, sharing, tiered, compressed oops, compressed class ptrs, g1 gc, windows-amd64)
# Problematic frame:
# C  [jansi-2.1.0-29a1bb8f10d027b4-jansi.dll+0x298f]
#
# No core dump will be written. Minidumps are not enabled by default on client versions of Windows
#
# If you would like to submit a bug report, please visit:
#   https://bugreport.java.com/bugreport/crash.jsp
# The crash happened outside the Java Virtual Machine in native code.
# See problematic frame for where to report the bug.
#

---------------  S U M M A R Y ------------

Command Line: C:\Users\nickb\Programming\Projects_J\Jump Plus\jumpplus-projects\MoonlighterBank\resources\Moonlighter.jar

Host: Intel(R) Core(TM) i7-10700KF CPU @ 3.80GHz, 16 cores, 15G,  Windows 10 , 64 bit Build 19041 (10.0.19041.1889)
Time: Mon Oct  3 23:51:04 2022 Eastern Daylight Time elapsed time: 0.084260 seconds (0d 0h 0m 0s)

---------------  T H R E A D  ---------------

Current thread (0x000001bb5aac3bd0):  JavaThread "main" [_thread_in_native, id=19368, stack(0x00000091be600000,0x00000091be700000)]

Stack: [0x00000091be600000,0x00000091be700000],  sp=0x00000091be6ff040,  free space=1020k
Native frames: (J=compiled Java code, j=interpreted, Vv=VM code, C=native code)
C  [jansi-2.1.0-29a1bb8f10d027b4-jansi.dll+0x298f]

Java frames: (J=compiled Java code, j=interpreted, Vv=VM code)
j  org.fusesource.jansi.internal.CLibrary.isatty(I)I+0
j  org.fusesource.jansi.AnsiConsole.ansiStream(Z)Lorg/fusesource/jansi/AnsiPrintStream;+56
j  org.fusesource.jansi.AnsiConsole.initStreams()V+7
j  org.fusesource.jansi.AnsiConsole.systemInstall()V+15
j  com.cognixia.jump.view.LandingView.landingView(Ljava/util/Scanner;)V+0
j  com.cognixia.jump.MoonlighterDriver.main([Ljava/lang/String;)V+12
v  ~StubRoutines::call_stub

siginfo: EXCEPTION_ACCESS_VIOLATION (0xc0000005), writing address 0x0000000000000000


Register to memory mapping:

RIP=0x0000000069ac298f jansi-2.1.0-29a1bb8f10d027b4-jansi.dll
RAX=0x0 is NULL
RBX={method} {0x000001bb00c0d8d8} 'isatty' '(I)I' in 'org/fusesource/jansi/internal/CLibrary'
RCX=0x0 is NULL
RDX=0x0000000069ac7362 jansi-2.1.0-29a1bb8f10d027b4-jansi.dll
RSP=0x00000091be6ff040 is pointing into the stack for thread: 0x000001bb5aac3bd0
RBP=0x00000091be6ff500 is pointing into the stack for thread: 0x000001bb5aac3bd0
RSI=0x0 is NULL
RDI=0x000001bb00846978 is pointing into metadata
R8 =0x00000091be6ff038 is pointing into the stack for thread: 0x000001bb5aac3bd0
R9 =0x00000091be6ff500 is pointing into the stack for thread: 0x000001bb5aac3bd0
R10=0x0 is NULL
R11=0x0000000000000246 is an unknown value
R12=0x0 is NULL
R13={method} {0x000001bb00c0d8d8} 'isatty' '(I)I' in 'org/fusesource/jansi/internal/CLibrary'
R14=0x00000091be6ff520 is pointing into the stack for thread: 0x000001bb5aac3bd0
R15=0x000001bb5aac3bd0 is a thread


Registers:
RAX=0x0000000000000000, RBX=0x000001bb00c0d8d0, RCX=0x0000000000000000, RDX=0x0000000069ac7362
RSP=0x00000091be6ff040, RBP=0x00000091be6ff500, RSI=0x0000000000000000, RDI=0x000001bb00846978
R8 =0x00000091be6ff038, R9 =0x00000091be6ff500, R10=0x0000000000000000, R11=0x0000000000000246
R12=0x0000000000000000, R13=0x000001bb00c0d8d0, R14=0x00000091be6ff520, R15=0x000001bb5aac3bd0
RIP=0x0000000069ac298f, EFLAGS=0x0000000000010246

Top of Stack: (sp=0x00000091be6ff040)
0x00000091be6ff040:   000001bb00c0d8d0 00007fff9d5ed1f0
0x00000091be6ff050:   00000091be6ff500 0000000000000000
0x00000091be6ff060:   00000091be6ff07c 00007fff33f6c208
0x00000091be6ff070:   00000091be6ff290 0000001033e80000
0x00000091be6ff080:   0000000000000000 0000000000000000
0x00000091be6ff090:   00000000ffffffff 00007fff34458ea0
0x00000091be6ff0a0:   00000091be6ff390 000001bb63bfaf76
0x00000091be6ff0b0:   000001bb00c0d8d0 000001bb5aac3bd0
0x00000091be6ff0c0:   00000091be6ff290 00007fff3422007e
0x00000091be6ff0d0:   00000091be6ff390 0000000000000400
0x00000091be6ff0e0:   00000000ffffffff 00007fff341ec5e4
0x00000091be6ff0f0:   000001bb00c0d8d0 000001bb5aac3bd0
0x00000091be6ff100:   00007fff346e3028 0000000000000000
0x00000091be6ff110:   0000009100000007 000001bb63bfaf76
0x00000091be6ff120:   000001bb00c0d8d0 000001bb5aabe800
0x00000091be6ff130:   000001bb63bfaf76 00007fff00000000 

Instructions: (pc=0x0000000069ac298f)
0x0000000069ac288f:   80 04 00 00 48 8b 54 24 28 48 8b 4c 24 20 41 b9
0x0000000069ac289f:   08 00 00 00 49 89 c0 48 89 d8 48 83 c4 30 5b 48
0x0000000069ac28af:   ff e0 e9 2c f7 ff ff 90 90 90 90 90 90 90 90 90
0x0000000069ac28bf:   90 41 54 48 81 ec 40 04 00 00 44 89 c1 ff 15 f2
0x0000000069ac28cf:   9a 00 00 49 89 c4 48 89 c1 ff 15 ce 99 00 00 83
0x0000000069ac28df:   f8 02 75 15 48 8d 54 24 40 4c 89 e1 ff 15 8b 99
0x0000000069ac28ef:   00 00 85 c0 e9 ba 00 00 00 48 83 3d 20 77 00 00
0x0000000069ac28ff:   00 75 14 48 8d 0d 37 4a 00 00 ff 15 e5 99 00 00
0x0000000069ac290f:   48 89 05 0a 77 00 00 48 8b 0d 03 77 00 00 48 85
0x0000000069ac291f:   c9 75 07 31 c0 e9 aa 00 00 00 48 83 3d f7 76 00
0x0000000069ac292f:   00 00 75 14 48 8d 15 1a 4a 00 00 ff 15 84 99 00
0x0000000069ac293f:   00 48 89 05 e1 76 00 00 48 8b 05 da 76 00 00 48
0x0000000069ac294f:   85 c0 74 cf 48 8d 54 24 3c 41 b9 fe 03 00 00 4c
0x0000000069ac295f:   8d 44 24 40 4c 89 e1 48 89 54 24 20 ba 01 00 00
0x0000000069ac296f:   00 ff d0 85 c0 75 ac 8b 44 24 40 4c 8b 64 24 48
0x0000000069ac297f:   48 8d 15 dc 49 00 00 66 d1 e8 4c 89 e1 0f b7 c0
0x0000000069ac298f:   66 41 c7 04 44 00 00 e8 75 27 00 00 48 85 c0 74
0x0000000069ac299f:   1a 48 8d 15 c7 49 00 00 4c 89 e1 e8 61 27 00 00
0x0000000069ac29af:   48 85 c0 0f 95 c0 0f b6 c0 eb 19 48 8d 15 b7 49
0x0000000069ac29bf:   00 00 4c 89 e1 e8 47 27 00 00 48 85 c0 75 d2 e9
0x0000000069ac29cf:   4f ff ff ff 48 81 c4 40 04 00 00 41 5c c3 90 90
0x0000000069ac29df:   90 41 54 48 83 ec 20 83 3d f3 7f 00 00 00 49 89
0x0000000069ac29ef:   cc 75 6b 48 8b 01 ff 90 f8 00 00 00 4c 8d 0d 8e
0x0000000069ac29ff:   49 00 00 4c 8d 05 89 49 00 00 4c 89 e1 48 89 c2
0x0000000069ac2a0f:   48 89 05 d2 7f 00 00 49 8b 04 24 ff 90 f0 02 00
0x0000000069ac2a1f:   00 48 8b 15 c1 7f 00 00 4c 8d 0d 6f 49 00 00 4c
0x0000000069ac2a2f:   89 e1 48 89 05 b8 7f 00 00 49 8b 04 24 4c 8d 05
0x0000000069ac2a3f:   5c 49 00 00 ff 90 f0 02 00 00 48 89 05 a8 7f 00
0x0000000069ac2a4f:   00 0f ae f0 c7 05 83 7f 00 00 01 00 00 00 48 83
0x0000000069ac2a5f:   c4 20 41 5c c3 41 56 41 55 41 54 48 83 ec 20 83
0x0000000069ac2a6f:   3d 6b 7f 00 00 00 49 89 cc 49 89 d6 4d 89 c5 75
0x0000000069ac2a7f:   05 e8 5b ff ff ff 49 8b 04 24 4c 89 f2 4c 89 e1 


Stack slot to memory mapping:
stack at sp + 0 slots: {method} {0x000001bb00c0d8d8} 'isatty' '(I)I' in 'org/fusesource/jansi/internal/CLibrary'
stack at sp + 1 slots: 0x00007fff9d5ed1f0 ntdll.dll
stack at sp + 2 slots: 0x00000091be6ff500 is pointing into the stack for thread: 0x000001bb5aac3bd0
stack at sp + 3 slots: 0x0 is NULL
stack at sp + 4 slots: 0x00000091be6ff07c is pointing into the stack for thread: 0x000001bb5aac3bd0
stack at sp + 5 slots: 0x00007fff33f6c208 jvm.dll
stack at sp + 6 slots: 0x00000091be6ff290 is pointing into the stack for thread: 0x000001bb5aac3bd0
stack at sp + 7 slots: 0x0000001033e80000 is an unknown value


---------------  P R O C E S S  ---------------

Threads class SMR info:
_java_thread_list=0x000001bb048f52d0, length=14, elements={
0x000001bb5aac3bd0, 0x000001bb003873b0, 0x000001bb00388fd0, 0x000001bb003a2f80,
0x000001bb003a3920, 0x000001bb003a5bb0, 0x000001bb003a8a50, 0x000001bb003a9470,
0x000001bb003b7940, 0x000001bb003c2e50, 0x000001bb048aeff0, 0x000001bb048d2650,
0x000001bb048e7f10, 0x000001bb048f4a90
}

Java Threads: ( => current thread )
=>0x000001bb5aac3bd0 JavaThread "main" [_thread_in_native, id=19368, stack(0x00000091be600000,0x00000091be700000)]
  0x000001bb003873b0 JavaThread "Reference Handler" daemon [_thread_blocked, id=13176, stack(0x00000091bed00000,0x00000091bee00000)]
  0x000001bb00388fd0 JavaThread "Finalizer" daemon [_thread_blocked, id=16292, stack(0x00000091bee00000,0x00000091bef00000)]
  0x000001bb003a2f80 JavaThread "Signal Dispatcher" daemon [_thread_blocked, id=13192, stack(0x00000091bef00000,0x00000091bf000000)]
  0x000001bb003a3920 JavaThread "Attach Listener" daemon [_thread_blocked, id=15628, stack(0x00000091bf000000,0x00000091bf100000)]
  0x000001bb003a5bb0 JavaThread "Service Thread" daemon [_thread_blocked, id=5932, stack(0x00000091bf100000,0x00000091bf200000)]
  0x000001bb003a8a50 JavaThread "Monitor Deflation Thread" daemon [_thread_blocked, id=17152, stack(0x00000091bf200000,0x00000091bf300000)]
  0x000001bb003a9470 JavaThread "C2 CompilerThread0" daemon [_thread_blocked, id=11752, stack(0x00000091bf300000,0x00000091bf400000)]
  0x000001bb003b7940 JavaThread "C1 CompilerThread0" daemon [_thread_blocked, id=12272, stack(0x00000091bf400000,0x00000091bf500000)]
  0x000001bb003c2e50 JavaThread "Sweeper thread" daemon [_thread_blocked, id=14272, stack(0x00000091bf500000,0x00000091bf600000)]
  0x000001bb048aeff0 JavaThread "C1 CompilerThread1" daemon [_thread_blocked, id=9536, stack(0x00000091bf600000,0x00000091bf700000)]
  0x000001bb048d2650 JavaThread "C1 CompilerThread2" daemon [_thread_blocked, id=9200, stack(0x00000091bf700000,0x00000091bf800000)]
  0x000001bb048e7f10 JavaThread "Notification Thread" daemon [_thread_blocked, id=200, stack(0x00000091bf800000,0x00000091bf900000)]
  0x000001bb048f4a90 JavaThread "Common-Cleaner" daemon [_thread_blocked, id=12884, stack(0x00000091bfa00000,0x00000091bfb00000)]

Other Threads:
  0x000001bb00383b40 VMThread "VM Thread" [stack: 0x00000091bec00000,0x00000091bed00000] [id=18672]
  0x000001bb048eb830 WatcherThread "VM Periodic Task Thread" [stack: 0x00000091bf900000,0x00000091bfa00000] [id=2680]
  0x000001bb5ab34910 WorkerThread "GC Thread#0" [stack: 0x00000091be700000,0x00000091be800000] [id=19660]
  0x000001bb5ab45f80 ConcurrentGCThread "G1 Main Marker" [stack: 0x00000091be800000,0x00000091be900000] [id=20208]
  0x000001bb5ab47980 WorkerThread "G1 Conc#0" [stack: 0x00000091be900000,0x00000091bea00000] [id=12516]
  0x000001bb5ab8e970 ConcurrentGCThread "G1 Refine#0" [stack: 0x00000091bea00000,0x00000091beb00000] [id=15312]
  0x000001bb00241970 ConcurrentGCThread "G1 Service" [stack: 0x00000091beb00000,0x00000091bec00000] [id=20708]

Threads with active compile tasks:

VM state: not at safepoint (normal execution)

VM Mutex/Monitor currently owned by a thread: None

Heap address: 0x0000000701200000, size: 4078 MB, Compressed Oops mode: Zero based, Oop shift amount: 3

CDS archive(s) mapped at: [0x0000000800000000-0x0000000800ba0000-0x0000000800ba0000), size 12189696, SharedBaseAddress: 0x0000000800000000, ArchiveRelocationMode: 0.
Compressed class space mapped at: 0x0000000800c00000-0x0000000840c00000, reserved size: 1073741824
Narrow klass base: 0x0000000800000000, Narrow klass shift: 0, Narrow klass range: 0x100000000

GC Precious Log:
 CardTable entry size: 512
 Card Set container configuration: InlinePtr #cards 4 size 8 Array Of Cards #cards 16 size 48 Howl #buckets 8 coarsen threshold 3686 Howl Bitmap #cards 512 size 80 coarsen threshold 460 Card regions per heap region 1 cards per card region 4096
 CPUs: 16 total, 16 available
 Memory: 16305M
 Large Page Support: Disabled
 NUMA Support: Disabled
 Compressed Oops: Enabled (Zero based)
 Heap Region Size: 2M
 Heap Min Capacity: 8M
 Heap Initial Capacity: 256M
 Heap Max Capacity: 4078M
 Pre-touch: Disabled
 Parallel Workers: 13
 Concurrent Workers: 3
 Concurrent Refinement Workers: 13
 Periodic GC: Disabled

Heap:
 garbage-first heap   total 262144K, used 2048K [0x0000000701200000, 0x0000000800000000)
  region size 2048K, 2 young (4096K), 0 survivors (0K)
 Metaspace       used 736K, committed 896K, reserved 1114112K
  class space    used 55K, committed 128K, reserved 1048576K

Heap Regions: E=young(eden), S=young(survivor), O=old, HS=humongous(starts), HC=humongous(continues), CS=collection set, F=free, OA=open archive, CA=closed archive, TAMS=top-at-mark-start (previous, next)
|   0|0x0000000701200000, 0x0000000701200000, 0x0000000701400000|  0%| F|  |TAMS 0x0000000701200000, 0x0000000701200000| Untracked 
|   1|0x0000000701400000, 0x0000000701400000, 0x0000000701600000|  0%| F|  |TAMS 0x0000000701400000, 0x0000000701400000| Untracked 
|   2|0x0000000701600000, 0x0000000701600000, 0x0000000701800000|  0%| F|  |TAMS 0x0000000701600000, 0x0000000701600000| Untracked 
|   3|0x0000000701800000, 0x0000000701800000, 0x0000000701a00000|  0%| F|  |TAMS 0x0000000701800000, 0x0000000701800000| Untracked 
|   4|0x0000000701a00000, 0x0000000701a00000, 0x0000000701c00000|  0%| F|  |TAMS 0x0000000701a00000, 0x0000000701a00000| Untracked 
|   5|0x0000000701c00000, 0x0000000701c00000, 0x0000000701e00000|  0%| F|  |TAMS 0x0000000701c00000, 0x0000000701c00000| Untracked 
|   6|0x0000000701e00000, 0x0000000701e00000, 0x0000000702000000|  0%| F|  |TAMS 0x0000000701e00000, 0x0000000701e00000| Untracked 
|   7|0x0000000702000000, 0x0000000702000000, 0x0000000702200000|  0%| F|  |TAMS 0x0000000702000000, 0x0000000702000000| Untracked 
|   8|0x0000000702200000, 0x0000000702200000, 0x0000000702400000|  0%| F|  |TAMS 0x0000000702200000, 0x0000000702200000| Untracked 
|   9|0x0000000702400000, 0x0000000702400000, 0x0000000702600000|  0%| F|  |TAMS 0x0000000702400000, 0x0000000702400000| Untracked 
|  10|0x0000000702600000, 0x0000000702600000, 0x0000000702800000|  0%| F|  |TAMS 0x0000000702600000, 0x0000000702600000| Untracked 
|  11|0x0000000702800000, 0x0000000702800000, 0x0000000702a00000|  0%| F|  |TAMS 0x0000000702800000, 0x0000000702800000| Untracked 
|  12|0x0000000702a00000, 0x0000000702a00000, 0x0000000702c00000|  0%| F|  |TAMS 0x0000000702a00000, 0x0000000702a00000| Untracked 
|  13|0x0000000702c00000, 0x0000000702c00000, 0x0000000702e00000|  0%| F|  |TAMS 0x0000000702c00000, 0x0000000702c00000| Untracked 
|  14|0x0000000702e00000, 0x0000000702e00000, 0x0000000703000000|  0%| F|  |TAMS 0x0000000702e00000, 0x0000000702e00000| Untracked 
|  15|0x0000000703000000, 0x0000000703000000, 0x0000000703200000|  0%| F|  |TAMS 0x0000000703000000, 0x0000000703000000| Untracked 
|  16|0x0000000703200000, 0x0000000703200000, 0x0000000703400000|  0%| F|  |TAMS 0x0000000703200000, 0x0000000703200000| Untracked 
|  17|0x0000000703400000, 0x0000000703400000, 0x0000000703600000|  0%| F|  |TAMS 0x0000000703400000, 0x0000000703400000| Untracked 
|  18|0x0000000703600000, 0x0000000703600000, 0x0000000703800000|  0%| F|  |TAMS 0x0000000703600000, 0x0000000703600000| Untracked 
|  19|0x0000000703800000, 0x0000000703800000, 0x0000000703a00000|  0%| F|  |TAMS 0x0000000703800000, 0x0000000703800000| Untracked 
|  20|0x0000000703a00000, 0x0000000703a00000, 0x0000000703c00000|  0%| F|  |TAMS 0x0000000703a00000, 0x0000000703a00000| Untracked 
|  21|0x0000000703c00000, 0x0000000703c00000, 0x0000000703e00000|  0%| F|  |TAMS 0x0000000703c00000, 0x0000000703c00000| Untracked 
|  22|0x0000000703e00000, 0x0000000703e00000, 0x0000000704000000|  0%| F|  |TAMS 0x0000000703e00000, 0x0000000703e00000| Untracked 
|  23|0x0000000704000000, 0x0000000704000000, 0x0000000704200000|  0%| F|  |TAMS 0x0000000704000000, 0x0000000704000000| Untracked 
|  24|0x0000000704200000, 0x0000000704200000, 0x0000000704400000|  0%| F|  |TAMS 0x0000000704200000, 0x0000000704200000| Untracked 
|  25|0x0000000704400000, 0x0000000704400000, 0x0000000704600000|  0%| F|  |TAMS 0x0000000704400000, 0x0000000704400000| Untracked 
|  26|0x0000000704600000, 0x0000000704600000, 0x0000000704800000|  0%| F|  |TAMS 0x0000000704600000, 0x0000000704600000| Untracked 
|  27|0x0000000704800000, 0x0000000704800000, 0x0000000704a00000|  0%| F|  |TAMS 0x0000000704800000, 0x0000000704800000| Untracked 
|  28|0x0000000704a00000, 0x0000000704a00000, 0x0000000704c00000|  0%| F|  |TAMS 0x0000000704a00000, 0x0000000704a00000| Untracked 
|  29|0x0000000704c00000, 0x0000000704c00000, 0x0000000704e00000|  0%| F|  |TAMS 0x0000000704c00000, 0x0000000704c00000| Untracked 
|  30|0x0000000704e00000, 0x0000000704e00000, 0x0000000705000000|  0%| F|  |TAMS 0x0000000704e00000, 0x0000000704e00000| Untracked 
|  31|0x0000000705000000, 0x0000000705000000, 0x0000000705200000|  0%| F|  |TAMS 0x0000000705000000, 0x0000000705000000| Untracked 
|  32|0x0000000705200000, 0x0000000705200000, 0x0000000705400000|  0%| F|  |TAMS 0x0000000705200000, 0x0000000705200000| Untracked 
|  33|0x0000000705400000, 0x0000000705400000, 0x0000000705600000|  0%| F|  |TAMS 0x0000000705400000, 0x0000000705400000| Untracked 
|  34|0x0000000705600000, 0x0000000705600000, 0x0000000705800000|  0%| F|  |TAMS 0x0000000705600000, 0x0000000705600000| Untracked 
|  35|0x0000000705800000, 0x0000000705800000, 0x0000000705a00000|  0%| F|  |TAMS 0x0000000705800000, 0x0000000705800000| Untracked 
|  36|0x0000000705a00000, 0x0000000705a00000, 0x0000000705c00000|  0%| F|  |TAMS 0x0000000705a00000, 0x0000000705a00000| Untracked 
|  37|0x0000000705c00000, 0x0000000705c00000, 0x0000000705e00000|  0%| F|  |TAMS 0x0000000705c00000, 0x0000000705c00000| Untracked 
|  38|0x0000000705e00000, 0x0000000705e00000, 0x0000000706000000|  0%| F|  |TAMS 0x0000000705e00000, 0x0000000705e00000| Untracked 
|  39|0x0000000706000000, 0x0000000706000000, 0x0000000706200000|  0%| F|  |TAMS 0x0000000706000000, 0x0000000706000000| Untracked 
|  40|0x0000000706200000, 0x0000000706200000, 0x0000000706400000|  0%| F|  |TAMS 0x0000000706200000, 0x0000000706200000| Untracked 
|  41|0x0000000706400000, 0x0000000706400000, 0x0000000706600000|  0%| F|  |TAMS 0x0000000706400000, 0x0000000706400000| Untracked 
|  42|0x0000000706600000, 0x0000000706600000, 0x0000000706800000|  0%| F|  |TAMS 0x0000000706600000, 0x0000000706600000| Untracked 
|  43|0x0000000706800000, 0x0000000706800000, 0x0000000706a00000|  0%| F|  |TAMS 0x0000000706800000, 0x0000000706800000| Untracked 
|  44|0x0000000706a00000, 0x0000000706a00000, 0x0000000706c00000|  0%| F|  |TAMS 0x0000000706a00000, 0x0000000706a00000| Untracked 
|  45|0x0000000706c00000, 0x0000000706c00000, 0x0000000706e00000|  0%| F|  |TAMS 0x0000000706c00000, 0x0000000706c00000| Untracked 
|  46|0x0000000706e00000, 0x0000000706e00000, 0x0000000707000000|  0%| F|  |TAMS 0x0000000706e00000, 0x0000000706e00000| Untracked 
|  47|0x0000000707000000, 0x0000000707000000, 0x0000000707200000|  0%| F|  |TAMS 0x0000000707000000, 0x0000000707000000| Untracked 
|  48|0x0000000707200000, 0x0000000707200000, 0x0000000707400000|  0%| F|  |TAMS 0x0000000707200000, 0x0000000707200000| Untracked 
|  49|0x0000000707400000, 0x0000000707400000, 0x0000000707600000|  0%| F|  |TAMS 0x0000000707400000, 0x0000000707400000| Untracked 
|  50|0x0000000707600000, 0x0000000707600000, 0x0000000707800000|  0%| F|  |TAMS 0x0000000707600000, 0x0000000707600000| Untracked 
|  51|0x0000000707800000, 0x0000000707800000, 0x0000000707a00000|  0%| F|  |TAMS 0x0000000707800000, 0x0000000707800000| Untracked 
|  52|0x0000000707a00000, 0x0000000707a00000, 0x0000000707c00000|  0%| F|  |TAMS 0x0000000707a00000, 0x0000000707a00000| Untracked 
|  53|0x0000000707c00000, 0x0000000707c00000, 0x0000000707e00000|  0%| F|  |TAMS 0x0000000707c00000, 0x0000000707c00000| Untracked 
|  54|0x0000000707e00000, 0x0000000707e00000, 0x0000000708000000|  0%| F|  |TAMS 0x0000000707e00000, 0x0000000707e00000| Untracked 
|  55|0x0000000708000000, 0x0000000708000000, 0x0000000708200000|  0%| F|  |TAMS 0x0000000708000000, 0x0000000708000000| Untracked 
|  56|0x0000000708200000, 0x0000000708200000, 0x0000000708400000|  0%| F|  |TAMS 0x0000000708200000, 0x0000000708200000| Untracked 
|  57|0x0000000708400000, 0x0000000708400000, 0x0000000708600000|  0%| F|  |TAMS 0x0000000708400000, 0x0000000708400000| Untracked 
|  58|0x0000000708600000, 0x0000000708600000, 0x0000000708800000|  0%| F|  |TAMS 0x0000000708600000, 0x0000000708600000| Untracked 
|  59|0x0000000708800000, 0x0000000708800000, 0x0000000708a00000|  0%| F|  |TAMS 0x0000000708800000, 0x0000000708800000| Untracked 
|  60|0x0000000708a00000, 0x0000000708a00000, 0x0000000708c00000|  0%| F|  |TAMS 0x0000000708a00000, 0x0000000708a00000| Untracked 
|  61|0x0000000708c00000, 0x0000000708c00000, 0x0000000708e00000|  0%| F|  |TAMS 0x0000000708c00000, 0x0000000708c00000| Untracked 
|  62|0x0000000708e00000, 0x0000000708e00000, 0x0000000709000000|  0%| F|  |TAMS 0x0000000708e00000, 0x0000000708e00000| Untracked 
|  63|0x0000000709000000, 0x0000000709000000, 0x0000000709200000|  0%| F|  |TAMS 0x0000000709000000, 0x0000000709000000| Untracked 
|  64|0x0000000709200000, 0x0000000709200000, 0x0000000709400000|  0%| F|  |TAMS 0x0000000709200000, 0x0000000709200000| Untracked 
|  65|0x0000000709400000, 0x0000000709400000, 0x0000000709600000|  0%| F|  |TAMS 0x0000000709400000, 0x0000000709400000| Untracked 
|  66|0x0000000709600000, 0x0000000709600000, 0x0000000709800000|  0%| F|  |TAMS 0x0000000709600000, 0x0000000709600000| Untracked 
|  67|0x0000000709800000, 0x0000000709800000, 0x0000000709a00000|  0%| F|  |TAMS 0x0000000709800000, 0x0000000709800000| Untracked 
|  68|0x0000000709a00000, 0x0000000709a00000, 0x0000000709c00000|  0%| F|  |TAMS 0x0000000709a00000, 0x0000000709a00000| Untracked 
|  69|0x0000000709c00000, 0x0000000709c00000, 0x0000000709e00000|  0%| F|  |TAMS 0x0000000709c00000, 0x0000000709c00000| Untracked 
|  70|0x0000000709e00000, 0x0000000709e00000, 0x000000070a000000|  0%| F|  |TAMS 0x0000000709e00000, 0x0000000709e00000| Untracked 
|  71|0x000000070a000000, 0x000000070a000000, 0x000000070a200000|  0%| F|  |TAMS 0x000000070a000000, 0x000000070a000000| Untracked 
|  72|0x000000070a200000, 0x000000070a200000, 0x000000070a400000|  0%| F|  |TAMS 0x000000070a200000, 0x000000070a200000| Untracked 
|  73|0x000000070a400000, 0x000000070a400000, 0x000000070a600000|  0%| F|  |TAMS 0x000000070a400000, 0x000000070a400000| Untracked 
|  74|0x000000070a600000, 0x000000070a600000, 0x000000070a800000|  0%| F|  |TAMS 0x000000070a600000, 0x000000070a600000| Untracked 
|  75|0x000000070a800000, 0x000000070a800000, 0x000000070aa00000|  0%| F|  |TAMS 0x000000070a800000, 0x000000070a800000| Untracked 
|  76|0x000000070aa00000, 0x000000070aa00000, 0x000000070ac00000|  0%| F|  |TAMS 0x000000070aa00000, 0x000000070aa00000| Untracked 
|  77|0x000000070ac00000, 0x000000070ac00000, 0x000000070ae00000|  0%| F|  |TAMS 0x000000070ac00000, 0x000000070ac00000| Untracked 
|  78|0x000000070ae00000, 0x000000070ae00000, 0x000000070b000000|  0%| F|  |TAMS 0x000000070ae00000, 0x000000070ae00000| Untracked 
|  79|0x000000070b000000, 0x000000070b000000, 0x000000070b200000|  0%| F|  |TAMS 0x000000070b000000, 0x000000070b000000| Untracked 
|  80|0x000000070b200000, 0x000000070b200000, 0x000000070b400000|  0%| F|  |TAMS 0x000000070b200000, 0x000000070b200000| Untracked 
|  81|0x000000070b400000, 0x000000070b400000, 0x000000070b600000|  0%| F|  |TAMS 0x000000070b400000, 0x000000070b400000| Untracked 
|  82|0x000000070b600000, 0x000000070b600000, 0x000000070b800000|  0%| F|  |TAMS 0x000000070b600000, 0x000000070b600000| Untracked 
|  83|0x000000070b800000, 0x000000070b800000, 0x000000070ba00000|  0%| F|  |TAMS 0x000000070b800000, 0x000000070b800000| Untracked 
|  84|0x000000070ba00000, 0x000000070ba00000, 0x000000070bc00000|  0%| F|  |TAMS 0x000000070ba00000, 0x000000070ba00000| Untracked 
|  85|0x000000070bc00000, 0x000000070bc00000, 0x000000070be00000|  0%| F|  |TAMS 0x000000070bc00000, 0x000000070bc00000| Untracked 
|  86|0x000000070be00000, 0x000000070be00000, 0x000000070c000000|  0%| F|  |TAMS 0x000000070be00000, 0x000000070be00000| Untracked 
|  87|0x000000070c000000, 0x000000070c000000, 0x000000070c200000|  0%| F|  |TAMS 0x000000070c000000, 0x000000070c000000| Untracked 
|  88|0x000000070c200000, 0x000000070c200000, 0x000000070c400000|  0%| F|  |TAMS 0x000000070c200000, 0x000000070c200000| Untracked 
|  89|0x000000070c400000, 0x000000070c400000, 0x000000070c600000|  0%| F|  |TAMS 0x000000070c400000, 0x000000070c400000| Untracked 
|  90|0x000000070c600000, 0x000000070c600000, 0x000000070c800000|  0%| F|  |TAMS 0x000000070c600000, 0x000000070c600000| Untracked 
|  91|0x000000070c800000, 0x000000070c800000, 0x000000070ca00000|  0%| F|  |TAMS 0x000000070c800000, 0x000000070c800000| Untracked 
|  92|0x000000070ca00000, 0x000000070ca00000, 0x000000070cc00000|  0%| F|  |TAMS 0x000000070ca00000, 0x000000070ca00000| Untracked 
|  93|0x000000070cc00000, 0x000000070cc00000, 0x000000070ce00000|  0%| F|  |TAMS 0x000000070cc00000, 0x000000070cc00000| Untracked 
|  94|0x000000070ce00000, 0x000000070ce00000, 0x000000070d000000|  0%| F|  |TAMS 0x000000070ce00000, 0x000000070ce00000| Untracked 
|  95|0x000000070d000000, 0x000000070d000000, 0x000000070d200000|  0%| F|  |TAMS 0x000000070d000000, 0x000000070d000000| Untracked 
|  96|0x000000070d200000, 0x000000070d200000, 0x000000070d400000|  0%| F|  |TAMS 0x000000070d200000, 0x000000070d200000| Untracked 
|  97|0x000000070d400000, 0x000000070d400000, 0x000000070d600000|  0%| F|  |TAMS 0x000000070d400000, 0x000000070d400000| Untracked 
|  98|0x000000070d600000, 0x000000070d600000, 0x000000070d800000|  0%| F|  |TAMS 0x000000070d600000, 0x000000070d600000| Untracked 
|  99|0x000000070d800000, 0x000000070d800000, 0x000000070da00000|  0%| F|  |TAMS 0x000000070d800000, 0x000000070d800000| Untracked 
| 100|0x000000070da00000, 0x000000070da00000, 0x000000070dc00000|  0%| F|  |TAMS 0x000000070da00000, 0x000000070da00000| Untracked 
| 101|0x000000070dc00000, 0x000000070dc00000, 0x000000070de00000|  0%| F|  |TAMS 0x000000070dc00000, 0x000000070dc00000| Untracked 
| 102|0x000000070de00000, 0x000000070de00000, 0x000000070e000000|  0%| F|  |TAMS 0x000000070de00000, 0x000000070de00000| Untracked 
| 103|0x000000070e000000, 0x000000070e000000, 0x000000070e200000|  0%| F|  |TAMS 0x000000070e000000, 0x000000070e000000| Untracked 
| 104|0x000000070e200000, 0x000000070e200000, 0x000000070e400000|  0%| F|  |TAMS 0x000000070e200000, 0x000000070e200000| Untracked 
| 105|0x000000070e400000, 0x000000070e400000, 0x000000070e600000|  0%| F|  |TAMS 0x000000070e400000, 0x000000070e400000| Untracked 
| 106|0x000000070e600000, 0x000000070e600000, 0x000000070e800000|  0%| F|  |TAMS 0x000000070e600000, 0x000000070e600000| Untracked 
| 107|0x000000070e800000, 0x000000070e800000, 0x000000070ea00000|  0%| F|  |TAMS 0x000000070e800000, 0x000000070e800000| Untracked 
| 108|0x000000070ea00000, 0x000000070ea00000, 0x000000070ec00000|  0%| F|  |TAMS 0x000000070ea00000, 0x000000070ea00000| Untracked 
| 109|0x000000070ec00000, 0x000000070ec00000, 0x000000070ee00000|  0%| F|  |TAMS 0x000000070ec00000, 0x000000070ec00000| Untracked 
| 110|0x000000070ee00000, 0x000000070ee00000, 0x000000070f000000|  0%| F|  |TAMS 0x000000070ee00000, 0x000000070ee00000| Untracked 
| 111|0x000000070f000000, 0x000000070f000000, 0x000000070f200000|  0%| F|  |TAMS 0x000000070f000000, 0x000000070f000000| Untracked 
| 112|0x000000070f200000, 0x000000070f200000, 0x000000070f400000|  0%| F|  |TAMS 0x000000070f200000, 0x000000070f200000| Untracked 
| 113|0x000000070f400000, 0x000000070f400000, 0x000000070f600000|  0%| F|  |TAMS 0x000000070f400000, 0x000000070f400000| Untracked 
| 114|0x000000070f600000, 0x000000070f600000, 0x000000070f800000|  0%| F|  |TAMS 0x000000070f600000, 0x000000070f600000| Untracked 
| 115|0x000000070f800000, 0x000000070f800000, 0x000000070fa00000|  0%| F|  |TAMS 0x000000070f800000, 0x000000070f800000| Untracked 
| 116|0x000000070fa00000, 0x000000070fa00000, 0x000000070fc00000|  0%| F|  |TAMS 0x000000070fa00000, 0x000000070fa00000| Untracked 
| 117|0x000000070fc00000, 0x000000070fc00000, 0x000000070fe00000|  0%| F|  |TAMS 0x000000070fc00000, 0x000000070fc00000| Untracked 
| 118|0x000000070fe00000, 0x000000070fe00000, 0x0000000710000000|  0%| F|  |TAMS 0x000000070fe00000, 0x000000070fe00000| Untracked 
| 119|0x0000000710000000, 0x0000000710000000, 0x0000000710200000|  0%| F|  |TAMS 0x0000000710000000, 0x0000000710000000| Untracked 
| 120|0x0000000710200000, 0x0000000710200000, 0x0000000710400000|  0%| F|  |TAMS 0x0000000710200000, 0x0000000710200000| Untracked 
| 121|0x0000000710400000, 0x0000000710400000, 0x0000000710600000|  0%| F|  |TAMS 0x0000000710400000, 0x0000000710400000| Untracked 
| 122|0x0000000710600000, 0x0000000710600000, 0x0000000710800000|  0%| F|  |TAMS 0x0000000710600000, 0x0000000710600000| Untracked 
| 123|0x0000000710800000, 0x0000000710800000, 0x0000000710a00000|  0%| F|  |TAMS 0x0000000710800000, 0x0000000710800000| Untracked 
| 124|0x0000000710a00000, 0x0000000710a00000, 0x0000000710c00000|  0%| F|  |TAMS 0x0000000710a00000, 0x0000000710a00000| Untracked 
| 125|0x0000000710c00000, 0x0000000710c00000, 0x0000000710e00000|  0%| F|  |TAMS 0x0000000710c00000, 0x0000000710c00000| Untracked 
| 126|0x0000000710e00000, 0x0000000710fc8308, 0x0000000711000000| 89%| E|  |TAMS 0x0000000710e00000, 0x0000000710e00000| Complete 
| 127|0x0000000711000000, 0x0000000711200000, 0x0000000711200000|100%| E|CS|TAMS 0x0000000711000000, 0x0000000711000000| Complete 

Card table byte_map: [0x000001bb743a0000,0x000001bb74ba0000] _byte_map_base: 0x000001bb70b97000

Marking Bits (Prev, Next): (CMBitMap*) 0x000001bb5ab34f10, (CMBitMap*) 0x000001bb5ab34f50
 Prev Bits: [0x000001bb753a0000, 0x000001bb79358000)
 Next Bits: [0x000001bb79360000, 0x000001bb7d318000)

Polling page: 0x000001bb5a7b0000

Metaspace:

Usage:
  Non-class:    681.84 KB used.
      Class:     55.02 KB used.
       Both:    736.85 KB used.

Virtual space:
  Non-class space:       64.00 MB reserved,     768.00 KB (  1%) committed,  1 nodes.
      Class space:        1.00 GB reserved,     128.00 KB ( <1%) committed,  1 nodes.
             Both:        1.06 GB reserved,     896.00 KB ( <1%) committed. 

Chunk freelists:
   Non-Class:  3.92 MB
       Class:  3.73 MB
        Both:  7.66 MB

MaxMetaspaceSize: unlimited
CompressedClassSpaceSize: 1.00 GB
Initial GC threshold: 21.00 MB
Current GC threshold: 21.00 MB
CDS: on
MetaspaceReclaimPolicy: balanced
 - commit_granule_bytes: 65536.
 - commit_granule_words: 8192.
 - virtual_space_node_default_size: 8388608.
 - enlarge_chunks_in_place: 1.
 - new_chunks_are_fully_committed: 0.
 - uncommit_free_chunks: 1.
 - use_allocation_guard: 0.


Internal statistics:

num_allocs_failed_limit: 0.
num_arena_births: 10.
num_arena_deaths: 0.
num_vsnodes_births: 2.
num_vsnodes_deaths: 0.
num_space_committed: 14.
num_space_uncommitted: 0.
num_chunks_returned_to_freelist: 0.
num_chunks_taken_from_freelist: 18.
num_chunk_merges: 0.
num_chunk_splits: 10.
num_chunks_enlarged: 5.
num_inconsistent_stats: 0.

CodeHeap 'non-profiled nmethods': size=119168Kb used=62Kb max_used=62Kb free=119105Kb
 bounds [0x000001bb6b790000, 0x000001bb6ba00000, 0x000001bb72bf0000]
CodeHeap 'profiled nmethods': size=119104Kb used=281Kb max_used=281Kb free=118823Kb
 bounds [0x000001bb64340000, 0x000001bb645b0000, 0x000001bb6b790000]
CodeHeap 'non-nmethods': size=7488Kb used=2256Kb max_used=2270Kb free=5232Kb
 bounds [0x000001bb63bf0000, 0x000001bb63e60000, 0x000001bb64340000]
 total_blobs=632 nmethods=232 adapters=311
 compilation: enabled
              stopped_count=0, restarted_count=0
 full_count=0

Compilation events (20 events):
Event: 0.062 Thread 0x000001bb048aeff0 nmethod 221 0x000001bb64381d10 code [0x000001bb64381ea0, 0x000001bb64382058]
Event: 0.062 Thread 0x000001bb048d2650 nmethod 219 0x000001bb64382110 code [0x000001bb64382340, 0x000001bb64382ef8]
Event: 0.062 Thread 0x000001bb048aeff0  222       3       java.util.regex.Pattern::has (15 bytes)
Event: 0.062 Thread 0x000001bb048aeff0 nmethod 222 0x000001bb64383090 code [0x000001bb64383220, 0x000001bb64383398]
Event: 0.063 Thread 0x000001bb003b7940  223       3       jdk.internal.jimage.ImageLocation::readValue (61 bytes)
Event: 0.063 Thread 0x000001bb003a9470  224       4       java.nio.DirectByteBuffer::ix (10 bytes)
Event: 0.063 Thread 0x000001bb003b7940 nmethod 223 0x000001bb64383410 code [0x000001bb643835e0, 0x000001bb643839b8]
Event: 0.063 Thread 0x000001bb048aeff0  225       3       jdk.internal.misc.Unsafe::putReferenceRelease (9 bytes)
Event: 0.063 Thread 0x000001bb003a9470 nmethod 224 0x000001bb6b79f090 code [0x000001bb6b79f200, 0x000001bb6b79f278]
Event: 0.063 Thread 0x000001bb048d2650  227       3       java.util.concurrent.ConcurrentHashMap::setTabAt (20 bytes)
Event: 0.063 Thread 0x000001bb048aeff0 nmethod 225 0x000001bb64383b90 code [0x000001bb64383d20, 0x000001bb64383e98]
Event: 0.063 Thread 0x000001bb048d2650 nmethod 227 0x000001bb64383f10 code [0x000001bb643840c0, 0x000001bb643842e8]
Event: 0.063 Thread 0x000001bb048d2650  228       3       java.lang.StringLatin1::replace (198 bytes)
Event: 0.064 Thread 0x000001bb048d2650 nmethod 228 0x000001bb64384390 code [0x000001bb64384620, 0x000001bb643853a8]
Event: 0.065 Thread 0x000001bb003b7940  229       3       jdk.internal.util.Preconditions::checkFromIndexSize (25 bytes)
Event: 0.065 Thread 0x000001bb003b7940 nmethod 229 0x000001bb64385890 code [0x000001bb64385a40, 0x000001bb64385c08]
Event: 0.071 Thread 0x000001bb003b7940  231       3       jdk.internal.misc.Unsafe::getLongUnaligned (173 bytes)
Event: 0.072 Thread 0x000001bb003b7940 nmethod 231 0x000001bb64385d10 code [0x000001bb64385ee0, 0x000001bb64386308]
Event: 0.072 Thread 0x000001bb003a9470  232       4       jdk.internal.misc.Unsafe::getLongUnaligned (173 bytes)
Event: 0.072 Thread 0x000001bb003a9470 nmethod 232 0x000001bb6b79f790 code [0x000001bb6b79f900, 0x000001bb6b79f9d8]

GC Heap History (0 events):
No events

Deoptimization events (0 events):
No events

Classes loaded (20 events):
Event: 0.057 Loading class sun/net/www/MessageHeader
Event: 0.057 Loading class sun/net/www/MessageHeader done
Event: 0.057 Loading class sun/net/www/protocol/jar/URLJarFile
Event: 0.057 Loading class sun/net/www/protocol/jar/URLJarFile done
Event: 0.057 Loading class sun/net/www/protocol/jar/URLJarFile$URLJarFileEntry
Event: 0.057 Loading class sun/net/www/protocol/jar/URLJarFile$URLJarFileEntry done
Event: 0.057 Loading class sun/net/www/protocol/jar/JarURLConnection$JarURLInputStream
Event: 0.058 Loading class sun/net/www/protocol/jar/JarURLConnection$JarURLInputStream done
Event: 0.061 Loading class java/util/LinkedList
Event: 0.061 Loading class java/util/AbstractSequentialList
Event: 0.061 Loading class java/util/AbstractSequentialList done
Event: 0.061 Loading class java/util/LinkedList done
Event: 0.062 Loading class java/util/Formatter$FixedString
Event: 0.062 Loading class java/util/Formatter$FixedString done
Event: 0.064 Loading class java/io/FileOutputStream$1
Event: 0.064 Loading class java/io/FileOutputStream$1 done
Event: 0.066 Loading class java/io/DeleteOnExitHook
Event: 0.066 Loading class java/io/DeleteOnExitHook done
Event: 0.066 Loading class java/io/DeleteOnExitHook$1
Event: 0.066 Loading class java/io/DeleteOnExitHook$1 done

Classes unloaded (0 events):
No events

Classes redefined (0 events):
No events

Internal exceptions (1 events):
Event: 0.054 Thread 0x000001bb5aac3bd0 Exception <a 'java/lang/NullPointerException'{0x0000000710f2f950}> (0x0000000710f2f950) 
thrown [s\open\src\hotspot\share\interpreter\linkResolver.cpp, line 1357]

VM Operations (4 events):
Event: 0.032 Executing VM operation: HandshakeAllThreads
Event: 0.032 Executing VM operation: HandshakeAllThreads done
Event: 0.053 Executing VM operation: HandshakeAllThreads
Event: 0.053 Executing VM operation: HandshakeAllThreads done

Events (20 events):
Event: 0.009 Loaded shared library C:\Program Files\Java\jdk-18.0.1.1\bin\jsvml.dll
Event: 0.009 Thread 0x000001bb5aac3bd0 Thread added: 0x000001bb5aac3bd0
Event: 0.010 Thread 0x000001bb003873b0 Thread added: 0x000001bb003873b0
Event: 0.010 Thread 0x000001bb00388fd0 Thread added: 0x000001bb00388fd0
Event: 0.016 Thread 0x000001bb003a2f80 Thread added: 0x000001bb003a2f80
Event: 0.016 Thread 0x000001bb003a3920 Thread added: 0x000001bb003a3920
Event: 0.016 Thread 0x000001bb003a5bb0 Thread added: 0x000001bb003a5bb0
Event: 0.016 Thread 0x000001bb003a8a50 Thread added: 0x000001bb003a8a50
Event: 0.016 Thread 0x000001bb003a9470 Thread added: 0x000001bb003a9470
Event: 0.016 Thread 0x000001bb003b7940 Thread added: 0x000001bb003b7940
Event: 0.016 Thread 0x000001bb003c2e50 Thread added: 0x000001bb003c2e50
Event: 0.023 Thread 0x000001bb048aeff0 Thread added: 0x000001bb048aeff0
Event: 0.024 Thread 0x000001bb048d2650 Thread added: 0x000001bb048d2650
Event: 0.025 Thread 0x000001bb048e7f10 Thread added: 0x000001bb048e7f10
Event: 0.026 Thread 0x000001bb048f4a90 Thread added: 0x000001bb048f4a90
Event: 0.028 Loaded shared library C:\Program Files\Java\jdk-18.0.1.1\bin\net.dll
Event: 0.029 Loaded shared library C:\Program Files\Java\jdk-18.0.1.1\bin\nio.dll
Event: 0.031 Loaded shared library C:\Program Files\Java\jdk-18.0.1.1\bin\zip.dll
Event: 0.045 Loaded shared library C:\Program Files\Java\jdk-18.0.1.1\bin\jimage.dll
Event: 0.081 Loaded shared library C:\Users\nickb\AppData\Local\Temp\jansi-2.1.0-29a1bb8f10d027b4-jansi.dll


Dynamic libraries:
0x00007ff657c80000 - 0x00007ff657c90000 	C:\Program Files\Java\jdk-18.0.1.1\bin\javaw.exe
0x00007fff9d550000 - 0x00007fff9d748000 	C:\Windows\SYSTEM32\ntdll.dll
0x00007fff6e9e0000 - 0x00007fff6e9f7000 	C:\Program Files\Avast Software\Avast\aswhook.dll
0x00007fff9bf30000 - 0x00007fff9bfed000 	C:\Windows\System32\KERNEL32.DLL
0x00007fff9ad90000 - 0x00007fff9b05e000 	C:\Windows\System32\KERNELBASE.dll
0x00007fff9b1c0000 - 0x00007fff9b2c0000 	C:\Windows\System32\ucrtbase.dll
0x00007fff7f940000 - 0x00007fff7f958000 	C:\Program Files\Java\jdk-18.0.1.1\bin\jli.dll
0x00007fff7f9e0000 - 0x00007fff7f9fa000 	C:\Program Files\Java\jdk-18.0.1.1\bin\VCRUNTIME140.dll
0x00007fff9c450000 - 0x00007fff9c4fe000 	C:\Windows\System32\ADVAPI32.dll
0x00007fff9d470000 - 0x00007fff9d50e000 	C:\Windows\System32\msvcrt.dll
0x00007fff9c180000 - 0x00007fff9c21c000 	C:\Windows\System32\sechost.dll
0x00007fff9c500000 - 0x00007fff9c625000 	C:\Windows\System32\RPCRT4.dll
0x00007fff9c750000 - 0x00007fff9c8f0000 	C:\Windows\System32\USER32.dll
0x00007fff856f0000 - 0x00007fff8598a000 	C:\Windows\WinSxS\amd64_microsoft.windows.common-controls_6595b64144ccf1df_6.0.19041.1110_none_60b5254171f9507e\COMCTL32.dll
0x00007fff9b580000 - 0x00007fff9b5a2000 	C:\Windows\System32\win32u.dll
0x00007fff9c150000 - 0x00007fff9c17a000 	C:\Windows\System32\GDI32.dll
0x00007fff9b3f0000 - 0x00007fff9b4fb000 	C:\Windows\System32\gdi32full.dll
0x00007fff9b2c0000 - 0x00007fff9b35d000 	C:\Windows\System32\msvcp_win.dll
0x00007fff944e0000 - 0x00007fff944ea000 	C:\Windows\SYSTEM32\VERSION.dll
0x00007fff9c720000 - 0x00007fff9c750000 	C:\Windows\System32\IMM32.DLL
0x00007fff983d0000 - 0x00007fff983dc000 	C:\Program Files\Java\jdk-18.0.1.1\bin\vcruntime140_1.dll
0x00007fff70c30000 - 0x00007fff70cbd000 	C:\Program Files\Java\jdk-18.0.1.1\bin\msvcp140.dll
0x00007fff33e80000 - 0x00007fff34a90000 	C:\Program Files\Java\jdk-18.0.1.1\bin\server\jvm.dll
0x00007fff9c710000 - 0x00007fff9c718000 	C:\Windows\System32\PSAPI.DLL
0x00007fff867a0000 - 0x00007fff867a9000 	C:\Windows\SYSTEM32\WSOCK32.dll
0x00007fff900b0000 - 0x00007fff900d7000 	C:\Windows\SYSTEM32\WINMM.dll
0x00007fff9caa0000 - 0x00007fff9cb0b000 	C:\Windows\System32\WS2_32.dll
0x00007fff98b40000 - 0x00007fff98b52000 	C:\Windows\SYSTEM32\kernel.appcore.dll
0x00007fff84950000 - 0x00007fff8495a000 	C:\Program Files\Java\jdk-18.0.1.1\bin\jimage.dll
0x00007fff8d5a0000 - 0x00007fff8d784000 	C:\Windows\SYSTEM32\DBGHELP.DLL
0x00007fff8d330000 - 0x00007fff8d35c000 	C:\Windows\SYSTEM32\dbgcore.DLL
0x00007fff9b360000 - 0x00007fff9b3e2000 	C:\Windows\System32\bcryptPrimitives.dll
0x00007fff7c950000 - 0x00007fff7c975000 	C:\Program Files\Java\jdk-18.0.1.1\bin\java.dll
0x00007fff70b50000 - 0x00007fff70c26000 	C:\Program Files\Java\jdk-18.0.1.1\bin\jsvml.dll
0x00007fff9cd20000 - 0x00007fff9d463000 	C:\Windows\System32\SHELL32.dll
0x00007fff98d40000 - 0x00007fff994d5000 	C:\Windows\SYSTEM32\windows.storage.dll
0x00007fff9bbc0000 - 0x00007fff9bf14000 	C:\Windows\System32\combase.dll
0x00007fff9a6d0000 - 0x00007fff9a700000 	C:\Windows\SYSTEM32\Wldp.dll
0x00007fff9c3a0000 - 0x00007fff9c44d000 	C:\Windows\System32\SHCORE.dll
0x00007fff9ccc0000 - 0x00007fff9cd15000 	C:\Windows\System32\shlwapi.dll
0x00007fff9abb0000 - 0x00007fff9abcf000 	C:\Windows\SYSTEM32\profapi.dll
0x00007fff7f920000 - 0x00007fff7f933000 	C:\Program Files\Java\jdk-18.0.1.1\bin\net.dll
0x00007fff902d0000 - 0x00007fff903da000 	C:\Windows\SYSTEM32\WINHTTP.dll
0x00007fff9a3e0000 - 0x00007fff9a44a000 	C:\Windows\system32\mswsock.dll
0x00007fff7f220000 - 0x00007fff7f236000 	C:\Program Files\Java\jdk-18.0.1.1\bin\nio.dll
0x00007fff7c750000 - 0x00007fff7c768000 	C:\Program Files\Java\jdk-18.0.1.1\bin\zip.dll
0x0000000069ac0000 - 0x0000000069b1b000 	C:\Users\nickb\AppData\Local\Temp\jansi-2.1.0-29a1bb8f10d027b4-jansi.dll

dbghelp: loaded successfully - version: 4.0.5 - missing functions: none
symbol engine: initialized successfully - sym options: 0x614 - pdb path: .;C:\Program Files\Java\jdk-18.0.1.1\bin;C:\Windows\SYSTEM32;C:\Program Files\Avast Software\Avast;C:\Windows\WinSxS\amd64_microsoft.windows.common-controls_6595b64144ccf1df_6.0.19041.1110_none_60b5254171f9507e;C:\Program Files\Java\jdk-18.0.1.1\bin\server;C:\Users\nickb\AppData\Local\Temp

VM Arguments:
java_command: C:\Users\nickb\Programming\Projects_J\Jump Plus\jumpplus-projects\MoonlighterBank\resources\Moonlighter.jar
java_class_path (initial): C:\Users\nickb\Programming\Projects_J\Jump Plus\jumpplus-projects\MoonlighterBank\resources\Moonlighter.jar
Launcher Type: SUN_STANDARD

[Global flags]
     intx CICompilerCount                          = 12                                        {product} {ergonomic}
     uint ConcGCThreads                            = 3                                         {product} {ergonomic}
     uint G1ConcRefinementThreads                  = 13                                        {product} {ergonomic}
   size_t G1HeapRegionSize                         = 2097152                                   {product} {ergonomic}
    uintx GCDrainStackTargetSize                   = 64                                        {product} {ergonomic}
   size_t InitialHeapSize                          = 268435456                                 {product} {ergonomic}
   size_t MarkStackSize                            = 4194304                                   {product} {ergonomic}
   size_t MaxHeapSize                              = 4276092928                                {product} {ergonomic}
   size_t MaxNewSize                               = 2564816896                                {product} {ergonomic}
   size_t MinHeapDeltaBytes                        = 2097152                                   {product} {ergonomic}
   size_t MinHeapSize                              = 8388608                                   {product} {ergonomic}
    uintx NonNMethodCodeHeapSize                   = 7602480                                {pd product} {ergonomic}
    uintx NonProfiledCodeHeapSize                  = 122027880                              {pd product} {ergonomic}
    uintx ProfiledCodeHeapSize                     = 122027880                              {pd product} {ergonomic}
    uintx ReservedCodeCacheSize                    = 251658240                              {pd product} {ergonomic}
     bool SegmentedCodeCache                       = true                                      {product} {ergonomic}
   size_t SoftMaxHeapSize                          = 4276092928                             {manageable} {ergonomic}
     bool UseCompressedClassPointers               = true                           {product lp64_product} {ergonomic}
     bool UseCompressedOops                        = true                           {product lp64_product} {ergonomic}
     bool UseG1GC                                  = true                                      {product} {ergonomic}
     bool UseLargePagesIndividualAllocation        = false                                  {pd product} {ergonomic}

Logging:
Log output configuration:
 #0: stdout all=warning uptime,level,tags foldmultilines=false
 #1: stderr all=off uptime,level,tags foldmultilines=false

Environment Variables:
PATH=C:\Program Files\Common Files\Oracle\Java\javapath;C:\Python310\Scripts\;C:\Python310\;C:\Program Files\AdoptOpenJDK\jdk-11.0.11.9-hotspot\bin;C:\Windows\system32;C:\Windows;C:\Windows\System32\Wbem;C:\Windows\System32\WindowsPowerShell\v1.0\;C:\Windows\System32\OpenSSH\;C:\Program Files\dotnet\;C:\Program Files\Microsoft SQL Server\130\Tools\Binn\;C:\Program Files\Microsoft SQL Server\Client SDK\ODBC\170\Tools\Binn\;C:\ProgramData\chocolatey\bin;C:\Program Files\MongoDB\Server\5.0\bin;C:\Program Files\Docker\Docker\resources\bin;C:\ProgramData\DockerDesktop\version-bin;C:\Program Files\PuTTY\;C:\Program Files\nodejs\;C:\Program Files\Git\cmd;C:\Program Files\MySQL\MySQL Shell 8.0\bin\;C:\Users\nickb\AppData\Local\Microsoft\WindowsApps;C:\Users\nickb\AppData\Local\Programs\Microsoft VS Code\bin;C:\Users\nickb\.dotnet\tools;C:\Program Files\JetBrains\PyCharm Community Edition 2022.1.1\bin;;C:\apache-maven-3.8.6\bin;C:\Users\nickb\AppData\Local\GitHubDesktop\bin;C:\Users\nickb\AppData\Roaming\npm
USERNAME=nickb
OS=Windows_NT
PROCESSOR_IDENTIFIER=Intel64 Family 6 Model 165 Stepping 5, GenuineIntel



---------------  S Y S T E M  ---------------

OS:
 Windows 10 , 64 bit Build 19041 (10.0.19041.1889)
OS uptime: 0 days 5:59 hours
Hyper-V role detected

CPU: total 16 (initial active 16) (8 cores per cpu, 2 threads per core) family 6 model 165 stepping 5 microcode 0xe2, cx8, cmov, fxsr, ht, mmx, 3dnowpref, sse, sse2, sse3, ssse3, sse4.1, sse4.2, popcnt, lzcnt, tsc, tscinvbit, avx, avx2, aes, erms, clmul, bmi1, bmi2, adx, fma, vzeroupper, clflush, clflushopt, hv

Memory: 4k page, system-wide physical 16305M (7834M free)
TotalPageFile size 31153M (AvailPageFile size 15541M)
current process WorkingSet (physical memory assigned to process): 35M, peak: 35M
current process commit charge ("private bytes"): 354M, peak: 354M

vm_info: Java HotSpot(TM) 64-Bit Server VM (18.0.1.1+2-6) for windows-amd64 JRE (18.0.1.1+2-6), built on Apr 25 2022 21:53:15 by "mach5one" with MS VC++ 16.8 / 16.9 (VS2019)

END.
